<?xml version="1.0" encoding="UTF-8"?>
<!-- Generated by org.testng.reporters.JUnitReportReporter -->
<testsuite hostname="DESKTOP-9D5SEP7" failures="0" tests="2" name="com.qa.hubspot.tests.LoginPageTest" time="18.840" errors="0" timestamp="2021-09-25T18:22:29 IST" skipped="0">
  <testcase classname="com.qa.hubspot.tests.LoginPageTest" name="verifySignUpLink" time="5.544"/>
  <system-out/>
  <testcase classname="com.qa.hubspot.tests.LoginPageTest" name="verifyLoginPageTitle" time="13.296"/>
  <system-out/>
</testsuite> <!-- com.qa.hubspot.tests.LoginPageTest -->
